[2026-02-25 23:59:48] === Auto KPI Cycle 開始 ===
[2026-02-25 23:59:48] Mode: daily | Service: ucarpac-web | Date: 2026-02-25
[2026-02-25 23:59:48] テーマ選定実行: cooldown=7日
{
  "generated_at": "2026-02-25T23:59:48",
  "date": "2026-02-25",
  "mode": "daily",
  "service_filter": "ucarpac-web",
  "selected": {
    "id": "diff-phone-one",
    "title": "電話1社訴求の強化",
    "kpi": "査定依頼完了CV",
    "service": "ucarpac-web",
    "score": 17.7,
    "base": 16.3,
    "repeat_penalty": 0.0,
    "kpi_penalty": 0.0,
    "stale_bonus": 0.8,
    "mode_bonus": 0.6
  },
  "alternatives": [
    {
      "id": "cvr-cta-optimization",
      "title": "CTA最適化（Web全体）",
      "kpi": "査定依頼完了CV",
      "service": "ucarpac-web",
      "score": 17.1,
      "base": 15.1,
      "repeat_penalty": 0.0,
      "kpi_penalty": 0.0,
      "stale_bonus": 0.8,
      "mode_bonus": 1.2
    },
    {
      "id": "anxiety-faq",
      "title": "不安解消FAQ・プロセス説明",
      "kpi": "査定依頼完了CV",
      "service": "ucarpac-web",
      "score": 17.1,
      "base": 15.1,
      "repeat_penalty": 0.0,
      "kpi_penalty": 0.0,
      "stale_bonus": 0.8,
      "mode_bonus": 1.2
    }
  ]
}
[2026-02-25 23:59:48] レポート再生成中...
wrote: /Users/ucarpacadmin/clawd/prototypes/ops/auto-kpi/ads-deep-dive-history.json
wrote: /Users/ucarpacadmin/clawd/prototypes/ops/auto-kpi/search-console-history.json
wrote: /Users/ucarpacadmin/clawd/prototypes/ops/auto-kpi/ga4-history.json
wrote: /Users/ucarpacadmin/clawd/prototypes/ops/auto-kpi/index.html
wrote: /Users/ucarpacadmin/clawd/prototypes/ops/auto-kpi/notification-summary.json
[2026-02-25 23:59:48] === レポート再生成完了 ===
[2026-02-25 23:59:48] Git push: /Users/ucarpacadmin/clawd/prototypes-repo
