[2026-02-26 00:01:55] === Auto KPI Cycle 開始 ===
[2026-02-26 00:01:55] Mode: daily | Service: ucarpac-app | Date: 2026-02-26
[2026-02-26 00:01:55] テーマ選定実行: cooldown=7日
{
  "generated_at": "2026-02-26T00:01:55",
  "date": "2026-02-26",
  "mode": "daily",
  "service_filter": "ucarpac-app",
  "selected": {
    "id": "app-retention-remind",
    "title": "リマインド・プッシュ通知最適化",
    "kpi": "月次アクティブ率",
    "service": "ucarpac-app",
    "score": 15.4,
    "base": 14.0,
    "repeat_penalty": 0.0,
    "kpi_penalty": 0.0,
    "stale_bonus": 0.8,
    "mode_bonus": 0.6
  },
  "alternatives": [
    {
      "id": "app-acquisition-store",
      "title": "ストア訴求・ASO改善",
      "kpi": "新規DL数",
      "service": "ucarpac-app",
      "score": 15.4,
      "base": 14.0,
      "repeat_penalty": 0.0,
      "kpi_penalty": 0.0,
      "stale_bonus": 0.8,
      "mode_bonus": 0.6
    },
    {
      "id": "app-retention-expense",
      "title": "出費管理の継続率向上",
      "kpi": "月次アクティブ率",
      "service": "ucarpac-app",
      "score": 14.9,
      "base": 14.1,
      "repeat_penalty": 0.0,
      "kpi_penalty": 0.0,
      "stale_bonus": 0.8,
      "mode_bonus": 0.0
    }
  ]
}
[2026-02-26 00:01:55] レポート再生成中...
wrote: /Users/ucarpacadmin/clawd/prototypes/ops/auto-kpi/ads-deep-dive-history.json
wrote: /Users/ucarpacadmin/clawd/prototypes/ops/auto-kpi/search-console-history.json
wrote: /Users/ucarpacadmin/clawd/prototypes/ops/auto-kpi/ga4-history.json
wrote: /Users/ucarpacadmin/clawd/prototypes/ops/auto-kpi/index.html
wrote: /Users/ucarpacadmin/clawd/prototypes/ops/auto-kpi/notification-summary.json
[2026-02-26 00:01:55] === レポート再生成完了 ===
[2026-02-26 00:01:55] Git push: /Users/ucarpacadmin/clawd/prototypes-repo
