[2026-03-01 22:00:14] スキップ: 2026-03-01 は週末です（--allow-weekend で解除可能）
[2026-03-01 22:00:19] === Auto KPI Cycle 開始 ===
[2026-03-01 22:00:19] Mode: daily | Service: ucarpac-app | Date: 2026-03-01
[2026-03-01 22:00:19] テーマ選定実行: cooldown=7日
{
  "generated_at": "2026-03-01T22:00:19",
  "date": "2026-03-01",
  "mode": "daily",
  "service_filter": "ucarpac-app",
  "selected": {
    "id": "app-store-pv-to-dl",
    "title": "ストアPV→DL率の改善（ASO）",
    "kpi": "ストアPV→DL率（現状17.3%、KPI 25%）",
    "service": "ucarpac-app",
    "score": 15.5,
    "base": 14.1,
    "repeat_penalty": 0.0,
    "kpi_penalty": 0.0,
    "stale_bonus": 0.8,
    "mode_bonus": 0.6
  },
  "alternatives": [
    {
      "id": "app-dl-to-application",
      "title": "新規DL→売却申込率の改善",
      "kpi": "新規DL→申込率（現状2.29%、KPI 1.90%達成済み）",
      "service": "ucarpac-app",
      "score": 14.5,
      "base": 13.1,
      "repeat_penalty": 0.0,
      "kpi_penalty": 0.0,
      "stale_bonus": 0.8,
      "mode_bonus": 0.6
    },
    {
      "id": "app-uninstall-prevention",
      "title": "削除率の低減（リテンション）",
      "kpi": "削除率（現状49.45%、KPI 48%）",
      "service": "ucarpac-app",
      "score": 13.9,
      "base": 13.1,
      "repeat_penalty": 0.0,
      "kpi_penalty": 0.0,
      "stale_bonus": 0.8,
      "mode_bonus": 0.0
    }
  ]
}
[2026-03-01 22:00:19] レポート再生成中...
wrote: /home/node/clawd/prototypes/ops/auto-kpi/ads-deep-dive-history.json
wrote: /home/node/clawd/prototypes/ops/auto-kpi/search-console-history.json
wrote: /home/node/clawd/prototypes/ops/auto-kpi/ga4-history.json
wrote: /home/node/clawd/prototypes/ops/auto-kpi/index.html
wrote: /home/node/clawd/prototypes/ops/auto-kpi/notification-summary.json
[2026-03-01 22:00:19] === レポート再生成完了 ===
[2026-03-01 22:00:19] === select-only モード: テーマ選定+レポート生成完了 ===
[2026-03-01 22:00:19] Selection JSON: /home/node/clawd/prototypes/ops/auto-kpi/last-selection.json
[2026-03-01 22:00:19] Prompt file:    /home/node/clawd/prototypes/ops/auto-kpi/last-selection-prompt.md
[2026-03-01 22:00:19] Report URL:     https://ucarpac.github.io/biz-prototypes/ops/auto-kpi/
[2026-03-01 22:00:19] Log file:       /home/node/clawd/prototypes/logs/auto-kpi-2026-03-01.log
